 GET /api/v1/tours/65ac46ef288f0b2b0856e5b0 500 30.396 ms PostmanRuntime/7.36.3 Sat, 24 Feb 2024 21:12:25 GMT - error-message: tourService.getTour(...).populate is not a function
 GET /api/v1/tours/65ac46ef288f0b2b0856e5b0 404 15.915 ms PostmanRuntime/7.36.3 Sat, 24 Feb 2024 21:13:10 GMT - error-message: No Tour Found
 GET /api/v1/tours/5c88fa8cf4afda39709c2974 200 30.854 ms PostmanRuntime/7.36.3 Sat, 24 Feb 2024 21:13:17 GMT
 GET /api/v1/users 200 13.971 ms PostmanRuntime/7.36.3 Sat, 24 Feb 2024 21:14:01 GMT
 POST /api/v1/tours/ 201 157.371 ms PostmanRuntime/7.36.3 Sat, 24 Feb 2024 21:14:40 GMT
 GET /api/v1/tours/65da5c407039b90804650043 200 7.287 ms PostmanRuntime/7.36.3 Sat, 24 Feb 2024 21:14:59 GMT
 GET /api/v1/tours/65da5c407039b90804650043 200 5.928 ms PostmanRuntime/7.36.3 Sat, 24 Feb 2024 21:17:00 GMT
 GET /api/v1/tours/65da5c407039b90804650043 200 215.364 ms PostmanRuntime/7.36.3 Sat, 24 Feb 2024 21:17:56 GMT
 GET /api/v1/users 200 6.707 ms PostmanRuntime/7.36.3 Sat, 24 Feb 2024 21:18:37 GMT
 GET /api/v1/users 200 3.263 ms PostmanRuntime/7.36.3 Sat, 24 Feb 2024 21:18:43 GMT
 GET /api/v1/tours?fields=name,duration,difficulty,price,ratingsAverage,guides 200 35.458 ms PostmanRuntime/7.36.3 Sat, 24 Feb 2024 21:18:54 GMT
 GET /api/v1/tours/65da5c407039b90804650043 200 64.550 ms PostmanRuntime/7.36.3 Sat, 24 Feb 2024 21:25:29 GMT
 POST /api/v1/users/login 200 831.049 ms PostmanRuntime/7.36.3 Sat, 24 Feb 2024 21:25:52 GMT
 GET /api/v1/tours?fields=name,duration,difficulty,price,ratingsAverage,guides 200 68.489 ms PostmanRuntime/7.36.3 Sat, 24 Feb 2024 21:26:03 GMT
 GET /api/v1/tours/65da5c407039b90804650043 200 10.160 ms PostmanRuntime/7.36.3 Sat, 24 Feb 2024 21:26:17 GMT
 GET /api/v1/tours/65da5c407039b90804650043 200 31.500 ms PostmanRuntime/7.36.3 Sat, 24 Feb 2024 21:27:52 GMT
 GET /api/v1/tours?fields=name,duration,difficulty,price,ratingsAverage,guides 200 18.891 ms PostmanRuntime/7.36.3 Sat, 24 Feb 2024 21:29:04 GMT
 GET /api/v1/tours/65da5c407039b90804650043 200 31.796 ms PostmanRuntime/7.36.3 Sat, 24 Feb 2024 21:29:51 GMT
 GET /api/v1/tours/65da5c407039b90804650043 200 34.779 ms PostmanRuntime/7.36.3 Sat, 24 Feb 2024 21:31:56 GMT
 GET /api/v1/tours?fields=name,duration,difficulty,price,ratingsAverage,guides 200 141.714 ms PostmanRuntime/7.36.3 Sat, 24 Feb 2024 21:32:03 GMT
 PATCH /api/v1/tours/5c88fa8cf4afda39709c2970 200 140.952 ms PostmanRuntime/7.36.3 Sat, 24 Feb 2024 21:34:15 GMT
 PATCH /api/v1/tours/5c88fa8cf4afda39709c2970 200 29.182 ms PostmanRuntime/7.36.3 Sat, 24 Feb 2024 21:35:50 GMT
 GET /api/v1/users 200 69.445 ms PostmanRuntime/7.36.3 Sun, 25 Feb 2024 22:28:14 GMT
 GET /api/v1/tours?fields=name,duration,difficulty,price,ratingsAverage,guides 200 304.218 ms PostmanRuntime/7.36.3 Sun, 25 Feb 2024 22:31:05 GMT
 POST /api/v1/reviews 201 751.518 ms PostmanRuntime/7.36.3 Sun, 25 Feb 2024 22:32:23 GMT
 POST /api/v1/reviews 400 7.061 ms PostmanRuntime/7.36.3 Sun, 25 Feb 2024 22:33:06 GMT - error-message: Path `rating` (7) is more than maximum allowed value (5).
 POST /api/v1/reviews 400 214.590 ms PostmanRuntime/7.36.3 Sun, 25 Feb 2024 22:34:11 GMT - error-message: Cast to Number failed for value "yy" (type string) at path "rating"
 GET /api/v1/reviews 401 1.051 ms PostmanRuntime/7.36.3 Sun, 25 Feb 2024 22:35:59 GMT - error-message: You are not login. Please login to get authorized
 GET /api/v1/reviews 403 6.528 ms PostmanRuntime/7.36.3 Sun, 25 Feb 2024 22:36:11 GMT - error-message: You do not have permission to perform this activity
 GET /api/v1/reviews 403 5.710 ms PostmanRuntime/7.36.3 Sun, 25 Feb 2024 22:36:27 GMT - error-message: You do not have permission to perform this activity
 POST /api/v1/users/signup 201 1235.086 ms PostmanRuntime/7.36.3 Sun, 25 Feb 2024 22:37:37 GMT
 GET /api/v1/reviews 200 9.753 ms PostmanRuntime/7.36.3 Sun, 25 Feb 2024 22:38:19 GMT
 GET /api/v1/tours?fields=name,duration,difficulty,price,ratingsAverage,guides 200 24.795 ms PostmanRuntime/7.36.3 Sun, 25 Feb 2024 22:38:58 GMT
 POST /api/v1/reviews 201 6.376 ms PostmanRuntime/7.36.3 Sun, 25 Feb 2024 22:40:11 GMT
 POST /api/v1/reviews 201 44.712 ms PostmanRuntime/7.36.3 Sun, 25 Feb 2024 22:42:54 GMT
 POST /api/v1/reviews 201 5.484 ms PostmanRuntime/7.36.3 Sun, 25 Feb 2024 22:43:44 GMT
 GET /api/v1/reviews 200 46.262 ms PostmanRuntime/7.36.3 Sun, 25 Feb 2024 22:44:07 GMT
 GET /api/v1/reviews 200 34.300 ms PostmanRuntime/7.36.3 Sun, 25 Feb 2024 22:48:46 GMT
 POST /api/v1/users/login 200 838.132 ms PostmanRuntime/7.36.3 Sun, 25 Feb 2024 22:48:59 GMT
 GET /api/v1/tours?fields=name,duration,difficulty,price,ratingsAverage,guides 200 36.468 ms PostmanRuntime/7.36.3 Sun, 25 Feb 2024 22:49:09 GMT
 GET /api/v1/tours?fields=name,duration,difficulty,price,ratingsAverage,guides 200 22.439 ms PostmanRuntime/7.36.3 Sun, 25 Feb 2024 22:49:14 GMT
 GET /api/v1/reviews 403 11.315 ms PostmanRuntime/7.36.3 Sun, 25 Feb 2024 22:49:20 GMT - error-message: You do not have permission to perform this activity
