 GET /api/v1/users 200 20.881 ms PostmanRuntime/7.36.3 Sat, 16 Mar 2024 23:39:08 GMT
 GET /api/v1/users 200 11.173 ms PostmanRuntime/7.36.3 Sat, 16 Mar 2024 23:39:14 GMT
 GET /api/v1/tours?fields=name,duration,difficulty,price,ratingsAverage,guides 200 89.049 ms PostmanRuntime/7.36.3 Sat, 16 Mar 2024 23:39:38 GMT
 POST /api/v1/users/login 200 409.236 ms PostmanRuntime/7.36.3 Sat, 16 Mar 2024 23:40:45 GMT
 POST /api/v1/tours/ 400 402.873 ms PostmanRuntime/7.36.3 Sat, 16 Mar 2024 23:40:59 GMT - error-message: Duplicate Field: "The Tested Models" already exists
 POST /api/v1/tours/ 401 51.739 ms PostmanRuntime/7.36.3 Sat, 16 Mar 2024 23:41:46 GMT - error-message: Oops!: The user no longer exists
 POST /api/v1/users/login 200 374.179 ms PostmanRuntime/7.36.3 Sat, 16 Mar 2024 23:42:03 GMT
 GET /api/v1/users 200 9.015 ms PostmanRuntime/7.36.3 Sat, 16 Mar 2024 23:42:10 GMT
 POST /api/v1/tours/ 401 9.393 ms PostmanRuntime/7.36.3 Sat, 16 Mar 2024 23:42:30 GMT - error-message: Oops!: The user no longer exists
 POST /api/v1/tours/ 403 6.398 ms PostmanRuntime/7.36.3 Sat, 16 Mar 2024 23:43:54 GMT - error-message: You do not have permission to perform this activity
 POST /api/v1/tours/ 403 5.940 ms PostmanRuntime/7.36.3 Sat, 16 Mar 2024 23:43:59 GMT - error-message: You do not have permission to perform this activity
 POST /api/v1/tours/ 401 0.797 ms PostmanRuntime/7.36.3 Sat, 16 Mar 2024 23:44:08 GMT - error-message: You are not login. Please login to get authorized
 POST /api/v1/tours/ 403 6.203 ms PostmanRuntime/7.36.3 Sat, 16 Mar 2024 23:44:20 GMT - error-message: You do not have permission to perform this activity
 POST /api/v1/tours/ 403 21.970 ms PostmanRuntime/7.36.3 Sat, 16 Mar 2024 23:46:11 GMT - error-message: You do not have permission to perform this activity
 PATCH /api/v1/tours/5c88fa8cf4afda39709c2970 401 13.654 ms PostmanRuntime/7.36.3 Sat, 16 Mar 2024 23:46:24 GMT - error-message: Oops!: The user no longer exists
 PATCH /api/v1/tours/5c88fa8cf4afda39709c2970 403 9.572 ms PostmanRuntime/7.36.3 Sat, 16 Mar 2024 23:46:35 GMT - error-message: You do not have permission to perform this activity
 GET /api/v1/tours/monthly-plan/2021 401 33.912 ms PostmanRuntime/7.36.3 Sat, 16 Mar 2024 23:47:38 GMT - error-message: Oops!: The user no longer exists
 GET /api/v1/tours/monthly-plan/2021 403 16.294 ms PostmanRuntime/7.36.3 Sat, 16 Mar 2024 23:47:47 GMT - error-message: You do not have permission to perform this activity
 GET /api/v1/users/me 200 32.020 ms PostmanRuntime/7.36.3 Sat, 16 Mar 2024 23:52:06 GMT
 GET /api/v1/users/me 401 2.814 ms PostmanRuntime/7.36.3 Sat, 16 Mar 2024 23:52:10 GMT - error-message: You are not login. Please login to get authorized
 GET /api/v1/users/me 401 2.968 ms PostmanRuntime/7.36.3 Sat, 16 Mar 2024 23:52:29 GMT - error-message: You are not login. Please login to get authorized
 GET /api/v1/users/me 401 1.448 ms PostmanRuntime/7.36.3 Sat, 16 Mar 2024 23:52:31 GMT - error-message: You are not login. Please login to get authorized
 POST /api/v1/users/login 200 345.991 ms PostmanRuntime/7.36.3 Sat, 16 Mar 2024 23:52:47 GMT
 POST /api/v1/users/login 200 741.071 ms PostmanRuntime/7.36.3 Sat, 16 Mar 2024 23:52:57 GMT
 POST /api/v1/users/forgotPassword 200 7170.643 ms PostmanRuntime/7.36.3 Sat, 16 Mar 2024 23:54:47 GMT
 POST /api/v1/users/ 401 38.226 ms PostmanRuntime/7.36.3 Sat, 16 Mar 2024 23:57:18 GMT - error-message: Your Token has expired - Please login again
 POST /api/v1/users/ 401 2.149 ms PostmanRuntime/7.36.3 Sat, 16 Mar 2024 23:57:27 GMT - error-message: You are not login. Please login to get authorized
 POST /api/v1/users 401 4.726 ms PostmanRuntime/7.36.3 Sat, 16 Mar 2024 23:58:01 GMT - error-message: You are not login. Please login to get authorized
 POST /api/v1/users 401 5.852 ms PostmanRuntime/7.36.3 Sat, 16 Mar 2024 23:58:12 GMT - error-message: Invalid token. Please login again
 POST /api/v1/users/login 200 854.215 ms PostmanRuntime/7.36.3 Sat, 16 Mar 2024 23:58:28 GMT
 POST /api/v1/users 404 10.405 ms PostmanRuntime/7.36.3 Sat, 16 Mar 2024 23:59:21 GMT - error-message: The requested url /api/v1/users is Not Found
 POST /api/v1/users/ 401 1.549 ms PostmanRuntime/7.36.3 Sat, 16 Mar 2024 23:59:48 GMT - error-message: You are not login. Please login to get authorized
 POST /api/v1/users/ 401 1.241 ms PostmanRuntime/7.36.3 Sun, 17 Mar 2024 00:00:15 GMT - error-message: Invalid token. Please login again
 POST /api/v1/users/ 401 1.532 ms PostmanRuntime/7.36.3 Sun, 17 Mar 2024 00:00:27 GMT - error-message: Invalid token. Please login again
 POST /api/v1/users/login 200 665.008 ms PostmanRuntime/7.36.3 Sun, 17 Mar 2024 00:00:33 GMT
 POST /api/v1/users/ 404 10.624 ms PostmanRuntime/7.36.3 Sun, 17 Mar 2024 00:00:42 GMT - error-message: The requested url /api/v1/users/ is Not Found
 POST /api/v1/users/signup 401 0.835 ms PostmanRuntime/7.36.3 Sun, 17 Mar 2024 00:00:55 GMT - error-message: Invalid token. Please login again
 POST /api/v1/users/signup 401 0.552 ms PostmanRuntime/7.36.3 Sun, 17 Mar 2024 00:01:28 GMT - error-message: You are not login. Please login to get authorized
 POST /api/v1/users 401 7.534 ms PostmanRuntime/7.36.3 Sun, 17 Mar 2024 00:01:57 GMT - error-message: You are not login. Please login to get authorized
 POST /api/v1/users/signup 400 821.276 ms PostmanRuntime/7.36.3 Sun, 17 Mar 2024 00:02:04 GMT - error-message: Duplicate Field: "delete2user@gmail.com" already exists
 GET /api/v1/users 401 2.131 ms PostmanRuntime/7.36.3 Sun, 17 Mar 2024 00:02:23 GMT - error-message: Invalid token. Please login again
 POST /api/v1/users/login 200 770.694 ms PostmanRuntime/7.36.3 Sun, 17 Mar 2024 00:02:40 GMT
 GET /api/v1/users 200 24.646 ms PostmanRuntime/7.36.3 Sun, 17 Mar 2024 00:02:44 GMT
 POST /api/v1/users/signup 400 643.659 ms PostmanRuntime/7.36.3 Sun, 17 Mar 2024 00:03:28 GMT - error-message: Duplicate Field: "delete2user@gmail.com" already exists
 DELETE /api/v1/users/65f62abcb2cfe423a8fbb924 401 0.605 ms PostmanRuntime/7.36.3 Sun, 17 Mar 2024 00:04:13 GMT - error-message: Invalid token. Please login again
 POST /api/v1/users/login 200 349.126 ms PostmanRuntime/7.36.3 Sun, 17 Mar 2024 00:04:25 GMT
 DELETE /api/v1/users/65f62abcb2cfe423a8fbb924 404 22.702 ms PostmanRuntime/7.36.3 Sun, 17 Mar 2024 00:04:29 GMT - error-message: No resources Found to Delete
 POST /api/v1/users/signup 201 817.867 ms PostmanRuntime/7.36.3 Sun, 17 Mar 2024 00:07:20 GMT
 DELETE /api/v1/users/65f634371f73a32d0cfbf86e 204 30.514 ms PostmanRuntime/7.36.3 Sun, 17 Mar 2024 00:07:47 GMT
 POST /api/v1/users/signup 201 575.649 ms PostmanRuntime/7.36.3 Sun, 17 Mar 2024 00:14:04 GMT
 DELETE /api/v1/users/65f634371f73a32d0cfbf86e 401 4.151 ms PostmanRuntime/7.36.3 Sun, 17 Mar 2024 00:14:19 GMT - error-message: You are not login. Please login to get authorized
 DELETE /api/v1/users/65f635cb8966785368e71a5b 401 2.759 ms PostmanRuntime/7.36.3 Sun, 17 Mar 2024 00:14:24 GMT - error-message: You are not login. Please login to get authorized
 DELETE /api/v1/users/65f635cb8966785368e71a5b 204 36.852 ms PostmanRuntime/7.36.3 Sun, 17 Mar 2024 00:14:31 GMT
 GET /api/v1/users 401 40.836 ms PostmanRuntime/7.36.3 Sun, 17 Mar 2024 00:15:13 GMT - error-message: Oops!: The user no longer exists
 POST /api/v1/users/login 200 728.845 ms PostmanRuntime/7.36.3 Sun, 17 Mar 2024 00:15:35 GMT
 DELETE /api/v1/users/65f635cb8966785368e71a5b 403 12.563 ms PostmanRuntime/7.36.3 Sun, 17 Mar 2024 00:15:48 GMT - error-message: You do not have permission to perform this activity
 GET /api/v1/reviews 200 99.147 ms PostmanRuntime/7.36.3 Sun, 17 Mar 2024 00:18:49 GMT
 GET /api/v1/reviews 401 1.862 ms PostmanRuntime/7.36.3 Sun, 17 Mar 2024 00:18:54 GMT - error-message: You are not login. Please login to get authorized
 GET /api/v1/reviews 200 15.600 ms PostmanRuntime/7.36.3 Sun, 17 Mar 2024 00:18:59 GMT
 GET /api/v1/reviews 200 88.599 ms PostmanRuntime/7.36.3 Sun, 17 Mar 2024 00:21:39 GMT
 GET /api/v1/reviews 401 3.882 ms PostmanRuntime/7.36.3 Sun, 17 Mar 2024 00:21:48 GMT - error-message: You are not login. Please login to get authorized
 GET /api/v1/reviews 200 22.970 ms PostmanRuntime/7.36.3 Sun, 17 Mar 2024 00:21:53 GMT
 GET /api/v1/tours/5c88fa8cf4afda39709c2970/reviews 401 1.050 ms PostmanRuntime/7.36.3 Sun, 17 Mar 2024 00:22:06 GMT - error-message: You are not login. Please login to get authorized
 GET /api/v1/tours/5c88fa8cf4afda39709c2970/reviews 200 15.725 ms PostmanRuntime/7.36.3 Sun, 17 Mar 2024 00:22:11 GMT
 GET /api/v1/tours/5c88fa8cf4afda39709c2970/reviews 200 23.328 ms PostmanRuntime/7.36.3 Sun, 17 Mar 2024 00:24:37 GMT
 GET /api/v1/tours/5c88fa8cf4afda39709c29l70/reviews 400 109.173 ms PostmanRuntime/7.36.3 Sun, 17 Mar 2024 00:25:04 GMT - error-message: Invalid tour : 5c88fa8cf4afda39709c29l70 provided
 GET /api/v1/tours/5c88fa8cf4afda39709d2970/reviews 200 8.515 ms PostmanRuntime/7.36.3 Sun, 17 Mar 2024 00:25:17 GMT
 GET /api/v1/tours/5c88fa8cf4afda39709c2970/reviews 200 19.544 ms PostmanRuntime/7.36.3 Sun, 17 Mar 2024 00:25:24 GMT
 GET /api/v1/reviews 200 29.495 ms PostmanRuntime/7.36.3 Sun, 17 Mar 2024 00:25:51 GMT
